<?xml version="1.0" encoding="UTF-8"?>
<coverage generated="1644290632973" clover="3.2.0">
  <project timestamp="1644290632973" name="All files">
    <metrics statements="129" coveredstatements="125" conditionals="39" coveredconditionals="36" methods="43" coveredmethods="39" elements="211" coveredelements="200" complexity="0" loc="129" ncloc="129" packages="3" files="13" classes="13"/>
    <package name="lib">
      <metrics statements="43" coveredstatements="39" conditionals="9" coveredconditionals="8" methods="10" coveredmethods="7"/>
      <file name="extension.ts" path="/Users/jody/Downloads/Repositories/circleci-vscode/src/lib/extension.ts">
        <metrics statements="4" coveredstatements="4" conditionals="0" coveredconditionals="0" methods="2" coveredmethods="2"/>
        <line num="3" count="9" type="stmt"/>
        <line num="7" count="10" type="stmt"/>
        <line num="11" count="131" type="stmt"/>
        <line num="15" count="9" type="stmt"/>
      </file>
      <file name="pipeline-tree-data-provider.ts" path="/Users/jody/Downloads/Repositories/circleci-vscode/src/lib/pipeline-tree-data-provider.ts">
        <metrics statements="14" coveredstatements="10" conditionals="1" coveredconditionals="0" methods="4" coveredmethods="1"/>
        <line num="1" count="1" type="stmt"/>
        <line num="9" count="1" type="stmt"/>
        <line num="10" count="1" type="stmt"/>
        <line num="11" count="1" type="stmt"/>
        <line num="12" count="1" type="stmt"/>
        <line num="13" count="1" type="stmt"/>
        <line num="14" count="1" type="stmt"/>
        <line num="16" count="1" type="stmt"/>
        <line num="19" count="1" type="stmt"/>
        <line num="21" count="1" type="stmt"/>
        <line num="29" count="0" type="stmt"/>
        <line num="33" count="0" type="cond" truecount="0" falsecount="1"/>
        <line num="34" count="0" type="stmt"/>
        <line num="47" count="0" type="stmt"/>
      </file>
      <file name="types.ts" path="/Users/jody/Downloads/Repositories/circleci-vscode/src/lib/types.ts">
        <metrics statements="10" coveredstatements="10" conditionals="2" coveredconditionals="2" methods="1" coveredmethods="1"/>
        <line num="1" count="3" type="cond" truecount="2" falsecount="0"/>
        <line num="2" count="3" type="stmt"/>
        <line num="3" count="3" type="stmt"/>
        <line num="4" count="3" type="stmt"/>
        <line num="5" count="3" type="stmt"/>
        <line num="6" count="3" type="stmt"/>
        <line num="7" count="3" type="stmt"/>
        <line num="8" count="3" type="stmt"/>
        <line num="9" count="3" type="stmt"/>
        <line num="10" count="3" type="stmt"/>
      </file>
      <file name="utils.ts" path="/Users/jody/Downloads/Repositories/circleci-vscode/src/lib/utils.ts">
        <metrics statements="15" coveredstatements="15" conditionals="6" coveredconditionals="6" methods="3" coveredmethods="3"/>
        <line num="1" count="8" type="stmt"/>
        <line num="2" count="8" type="stmt"/>
        <line num="3" count="8" type="stmt"/>
        <line num="5" count="65" type="stmt"/>
        <line num="26" count="8" type="stmt"/>
        <line num="27" count="7" type="cond" truecount="2" falsecount="0"/>
        <line num="29" count="8" type="stmt"/>
        <line num="30" count="8" type="stmt"/>
        <line num="31" count="8" type="stmt"/>
        <line num="33" count="8" type="stmt"/>
        <line num="35" count="8" type="cond" truecount="1" falsecount="0"/>
        <line num="36" count="6" type="stmt"/>
        <line num="39" count="8" type="cond" truecount="1" falsecount="0"/>
        <line num="40" count="4" type="cond" truecount="2" falsecount="0"/>
        <line num="43" count="8" type="stmt"/>
      </file>
    </package>
    <package name="test">
      <metrics statements="20" coveredstatements="20" conditionals="3" coveredconditionals="3" methods="6" coveredmethods="6"/>
      <file name="utils.ts" path="/Users/jody/Downloads/Repositories/circleci-vscode/src/test/utils.ts">
        <metrics statements="15" coveredstatements="15" conditionals="1" coveredconditionals="1" methods="4" coveredmethods="4"/>
        <line num="1" count="6" type="stmt"/>
        <line num="3" count="6" type="stmt"/>
        <line num="12" count="39" type="stmt"/>
        <line num="13" count="39" type="stmt"/>
        <line num="14" count="49" type="stmt"/>
        <line num="17" count="39" type="cond" truecount="1" falsecount="0"/>
        <line num="18" count="21" type="stmt"/>
        <line num="25" count="6" type="stmt"/>
        <line num="26" count="3" type="stmt"/>
        <line num="28" count="3" type="stmt"/>
        <line num="29" count="3" type="stmt"/>
        <line num="35" count="3" type="stmt"/>
        <line num="36" count="3" type="stmt"/>
        <line num="43" count="6" type="stmt"/>
        <line num="44" count="3" type="stmt"/>
      </file>
      <file name="vscode-mock.ts" path="/Users/jody/Downloads/Repositories/circleci-vscode/src/test/vscode-mock.ts">
        <metrics statements="5" coveredstatements="5" conditionals="2" coveredconditionals="2" methods="2" coveredmethods="2"/>
        <line num="1" count="8" type="stmt"/>
        <line num="2" count="130" type="stmt"/>
        <line num="5" count="8" type="stmt"/>
        <line num="7" count="8" type="stmt"/>
        <line num="9" count="8" type="cond" truecount="2" falsecount="0"/>
      </file>
    </package>
    <package name="tree-items">
      <metrics statements="66" coveredstatements="66" conditionals="27" coveredconditionals="25" methods="27" coveredmethods="26"/>
      <file name="artifact.ts" path="/Users/jody/Downloads/Repositories/circleci-vscode/src/tree-items/artifact.ts">
        <metrics statements="8" coveredstatements="8" conditionals="2" coveredconditionals="2" methods="3" coveredmethods="3"/>
        <line num="1" count="2" type="stmt"/>
        <line num="3" count="2" type="stmt"/>
        <line num="9" count="2" type="stmt"/>
        <line num="10" count="8" type="stmt"/>
        <line num="11" count="8" type="stmt"/>
        <line num="13" count="18" type="stmt"/>
        <line num="18" count="2" type="stmt"/>
        <line num="20" count="8" type="stmt"/>
      </file>
      <file name="artifacts.ts" path="/Users/jody/Downloads/Repositories/circleci-vscode/src/tree-items/artifacts.ts">
        <metrics statements="5" coveredstatements="5" conditionals="0" coveredconditionals="0" methods="2" coveredmethods="2"/>
        <line num="1" count="2" type="stmt"/>
        <line num="2" count="2" type="stmt"/>
        <line num="4" count="2" type="stmt"/>
        <line num="6" count="3" type="stmt"/>
        <line num="10" count="1" type="stmt"/>
      </file>
      <file name="base.ts" path="/Users/jody/Downloads/Repositories/circleci-vscode/src/tree-items/base.ts">
        <metrics statements="23" coveredstatements="23" conditionals="13" coveredconditionals="13" methods="13" coveredmethods="12"/>
        <line num="1" count="7" type="stmt"/>
        <line num="2" count="7" type="stmt"/>
        <line num="4" count="7" type="stmt"/>
        <line num="11" count="7" type="stmt"/>
        <line num="24" count="22" type="stmt"/>
        <line num="26" count="22" type="stmt"/>
        <line num="27" count="22" type="stmt"/>
        <line num="28" count="22" type="stmt"/>
        <line num="29" count="22" type="stmt"/>
        <line num="30" count="22" type="stmt"/>
        <line num="35" count="70" type="cond" truecount="1" falsecount="0"/>
        <line num="36" count="70" type="stmt"/>
        <line num="39" count="70" type="cond" truecount="2" falsecount="0"/>
        <line num="45" count="70" type="cond" truecount="2" falsecount="0"/>
        <line num="51" count="70" type="cond" truecount="1" falsecount="0"/>
        <line num="52" count="64" type="stmt"/>
        <line num="57" count="7" type="cond" truecount="1" falsecount="0"/>
        <line num="58" count="3" type="stmt"/>
        <line num="61" count="4" type="stmt"/>
        <line num="65" count="12" type="stmt"/>
        <line num="69" count="3" type="stmt"/>
        <line num="73" count="27" type="stmt"/>
        <line num="81" count="3" type="stmt"/>
      </file>
      <file name="job.ts" path="/Users/jody/Downloads/Repositories/circleci-vscode/src/tree-items/job.ts">
        <metrics statements="12" coveredstatements="12" conditionals="10" coveredconditionals="8" methods="4" coveredmethods="4"/>
        <line num="1" count="2" type="stmt"/>
        <line num="2" count="2" type="stmt"/>
        <line num="4" count="2" type="stmt"/>
        <line num="21" count="2" type="stmt"/>
        <line num="25" count="3" type="stmt"/>
        <line num="27" count="3" type="stmt"/>
        <line num="31" count="2" type="stmt"/>
        <line num="32" count="2" type="stmt"/>
        <line num="33" count="2" type="stmt"/>
        <line num="39" count="12" type="stmt"/>
        <line num="40" count="12" type="stmt"/>
        <line num="41" count="12" type="cond" truecount="3" falsecount="1"/>
      </file>
      <file name="pipeline.ts" path="/Users/jody/Downloads/Repositories/circleci-vscode/src/tree-items/pipeline.ts">
        <metrics statements="8" coveredstatements="8" conditionals="2" coveredconditionals="2" methods="2" coveredmethods="2"/>
        <line num="1" count="2" type="stmt"/>
        <line num="2" count="2" type="stmt"/>
        <line num="4" count="2" type="stmt"/>
        <line num="7" count="2" type="stmt"/>
        <line num="10" count="3" type="stmt"/>
        <line num="12" count="3" type="stmt"/>
        <line num="15" count="3" type="stmt"/>
        <line num="19" count="2" type="cond" truecount="2" falsecount="0"/>
      </file>
      <file name="timer.ts" path="/Users/jody/Downloads/Repositories/circleci-vscode/src/tree-items/timer.ts">
        <metrics statements="4" coveredstatements="4" conditionals="0" coveredconditionals="0" methods="1" coveredmethods="1"/>
        <line num="1" count="2" type="stmt"/>
        <line num="2" count="2" type="stmt"/>
        <line num="4" count="2" type="stmt"/>
        <line num="6" count="2" type="stmt"/>
      </file>
      <file name="workflow.ts" path="/Users/jody/Downloads/Repositories/circleci-vscode/src/tree-items/workflow.ts">
        <metrics statements="6" coveredstatements="6" conditionals="0" coveredconditionals="0" methods="2" coveredmethods="2"/>
        <line num="1" count="2" type="stmt"/>
        <line num="2" count="2" type="stmt"/>
        <line num="4" count="2" type="stmt"/>
        <line num="6" count="3" type="stmt"/>
        <line num="8" count="3" type="stmt"/>
        <line num="12" count="9" type="stmt"/>
      </file>
    </package>
  </project>
</coverage>
