{"/Users/jody/Downloads/Repositories/circleci-vscode/src/lib/extension.ts": {"path":"/Users/jody/Downloads/Repositories/circleci-vscode/src/lib/extension.ts","statementMap":{"0":{"start":{"line":7,"column":4},"end":{"line":7,"column":28}},"1":{"start":{"line":11,"column":4},"end":{"line":11,"column":26}},"2":{"start":{"line":3,"column":0},"end":{"line":3,"column":13}},"3":{"start":{"line":15,"column":0},"end":{"line":15,"column":31}}},"fnMap":{"0":{"name":"(anonymous_0)","decl":{"start":{"line":6,"column":2},"end":{"line":6,"column":11}},"loc":{"start":{"line":6,"column":37},"end":{"line":8,"column":3}}},"1":{"name":"(anonymous_1)","decl":{"start":{"line":10,"column":2},"end":{"line":10,"column":6}},"loc":{"start":{"line":10,"column":13},"end":{"line":12,"column":3}}}},"branchMap":{},"s":{"0":10,"1":131,"2":9,"3":9},"f":{"0":10,"1":131},"b":{}}
,"/Users/jody/Downloads/Repositories/circleci-vscode/src/lib/pipeline-tree-data-provider.ts": {"path":"/Users/jody/Downloads/Repositories/circleci-vscode/src/lib/pipeline-tree-data-provider.ts","statementMap":{"0":{"start":{"line":1,"column":0},"end":{"line":1,"column":null}},"1":{"start":{"line":9,"column":0},"end":{"line":9,"column":50}},"2":{"start":{"line":10,"column":0},"end":{"line":10,"column":52}},"3":{"start":{"line":11,"column":0},"end":{"line":11,"column":40}},"4":{"start":{"line":12,"column":0},"end":{"line":12,"column":50}},"5":{"start":{"line":13,"column":0},"end":{"line":13,"column":44}},"6":{"start":{"line":14,"column":0},"end":{"line":14,"column":50}},"7":{"start":{"line":19,"column":10},"end":{"line":20,"column":45}},"8":{"start":{"line":21,"column":11},"end":{"line":22,"column":36}},"9":{"start":{"line":29,"column":4},"end":{"line":29,"column":19}},"10":{"start":{"line":33,"column":4},"end":{"line":45,"column":null}},"11":{"start":{"line":34,"column":6},"end":{"line":44,"column":8}},"12":{"start":{"line":47,"column":4},"end":{"line":47,"column":28}},"13":{"start":{"line":16,"column":0},"end":{"line":16,"column":21}}},"fnMap":{"0":{"name":"(anonymous_0)","decl":{"start":{"line":16,"column":0},"end":{"line":16,"column":21}},"loc":{"start":{"line":16,"column":0},"end":{"line":49,"column":1}}},"1":{"name":"(anonymous_1)","decl":{"start":{"line":24,"column":2},"end":{"line":24,"column":9}},"loc":{"start":{"line":24,"column":9},"end":{"line":26,"column":3}}},"2":{"name":"(anonymous_2)","decl":{"start":{"line":28,"column":2},"end":{"line":28,"column":13}},"loc":{"start":{"line":28,"column":31},"end":{"line":30,"column":3}}},"3":{"name":"(anonymous_3)","decl":{"start":{"line":32,"column":2},"end":{"line":32,"column":13}},"loc":{"start":{"line":32,"column":32},"end":{"line":48,"column":3}}}},"branchMap":{"0":{"loc":{"start":{"line":33,"column":4},"end":{"line":45,"column":null}},"type":"if","locations":[{"start":{"line":33,"column":4},"end":{"line":45,"column":null}}]}},"s":{"0":1,"1":1,"2":1,"3":1,"4":1,"5":1,"6":1,"7":1,"8":1,"9":0,"10":0,"11":0,"12":0,"13":1},"f":{"0":1,"1":0,"2":0,"3":0},"b":{"0":[0]}}
,"/Users/jody/Downloads/Repositories/circleci-vscode/src/lib/types.ts": {"path":"/Users/jody/Downloads/Repositories/circleci-vscode/src/lib/types.ts","statementMap":{"0":{"start":{"line":1,"column":0},"end":{"line":1,"column":null}},"1":{"start":{"line":2,"column":2},"end":{"line":2,"column":null}},"2":{"start":{"line":3,"column":2},"end":{"line":3,"column":null}},"3":{"start":{"line":4,"column":2},"end":{"line":4,"column":null}},"4":{"start":{"line":5,"column":2},"end":{"line":5,"column":null}},"5":{"start":{"line":6,"column":2},"end":{"line":6,"column":null}},"6":{"start":{"line":7,"column":2},"end":{"line":7,"column":null}},"7":{"start":{"line":8,"column":2},"end":{"line":8,"column":null}},"8":{"start":{"line":9,"column":2},"end":{"line":9,"column":null}},"9":{"start":{"line":10,"column":2},"end":{"line":10,"column":null}}},"fnMap":{"0":{"name":"(anonymous_0)","decl":{"start":{"line":1,"column":0},"end":{"line":1,"column":12}},"loc":{"start":{"line":1,"column":26},"end":{"line":11,"column":1}}}},"branchMap":{"0":{"loc":{"start":{"line":1,"column":12},"end":{"line":1,"column":null}},"type":"binary-expr","locations":[{"start":{"line":1,"column":12},"end":{"line":1,"column":26}},{"start":{"line":1,"column":12},"end":{"line":1,"column":null}}]}},"s":{"0":3,"1":3,"2":3,"3":3,"4":3,"5":3,"6":3,"7":3,"8":3,"9":3},"f":{"0":3},"b":{"0":[3,3]}}
,"/Users/jody/Downloads/Repositories/circleci-vscode/src/lib/utils.ts": {"path":"/Users/jody/Downloads/Repositories/circleci-vscode/src/lib/utils.ts","statementMap":{"0":{"start":{"line":1,"column":0},"end":{"line":1,"column":31}},"1":{"start":{"line":2,"column":0},"end":{"line":2,"column":29}},"2":{"start":{"line":3,"column":0},"end":{"line":3,"column":36}},"3":{"start":{"line":5,"column":24},"end":{"line":24,"column":2}},"4":{"start":{"line":5,"column":70},"end":{"line":24,"column":2}},"5":{"start":{"line":5,"column":13},"end":{"line":5,"column":24}},"6":{"start":{"line":26,"column":25},"end":{"line":27,"column":45}},"7":{"start":{"line":27,"column":2},"end":{"line":27,"column":45}},"8":{"start":{"line":26,"column":13},"end":{"line":26,"column":25}},"9":{"start":{"line":29,"column":24},"end":{"line":44,"column":1}},"10":{"start":{"line":30,"column":18},"end":{"line":30,"column":50}},"11":{"start":{"line":31,"column":18},"end":{"line":31,"column":68}},"12":{"start":{"line":33,"column":15},"end":{"line":33,"column":17}},"13":{"start":{"line":35,"column":2},"end":{"line":37,"column":null}},"14":{"start":{"line":36,"column":4},"end":{"line":36,"column":27}},"15":{"start":{"line":39,"column":2},"end":{"line":41,"column":null}},"16":{"start":{"line":40,"column":4},"end":{"line":40,"column":69}},"17":{"start":{"line":43,"column":2},"end":{"line":43,"column":16}},"18":{"start":{"line":29,"column":13},"end":{"line":29,"column":24}}},"fnMap":{"0":{"name":"(anonymous_0)","decl":{"start":{"line":5,"column":24},"end":{"line":5,"column":25}},"loc":{"start":{"line":5,"column":70},"end":{"line":24,"column":2}}},"1":{"name":"(anonymous_1)","decl":{"start":{"line":26,"column":25},"end":{"line":26,"column":26}},"loc":{"start":{"line":27,"column":2},"end":{"line":27,"column":45}}},"2":{"name":"(anonymous_2)","decl":{"start":{"line":29,"column":24},"end":{"line":29,"column":25}},"loc":{"start":{"line":29,"column":57},"end":{"line":44,"column":1}}}},"branchMap":{"0":{"loc":{"start":{"line":27,"column":21},"end":{"line":27,"column":43}},"type":"cond-expr","locations":[{"start":{"line":27,"column":35},"end":{"line":27,"column":37}},{"start":{"line":27,"column":40},"end":{"line":27,"column":43}}]},"1":{"loc":{"start":{"line":35,"column":2},"end":{"line":37,"column":null}},"type":"if","locations":[{"start":{"line":35,"column":2},"end":{"line":37,"column":null}}]},"2":{"loc":{"start":{"line":39,"column":2},"end":{"line":41,"column":null}},"type":"if","locations":[{"start":{"line":39,"column":2},"end":{"line":41,"column":null}}]},"3":{"loc":{"start":{"line":40,"column":13},"end":{"line":40,"column":68}},"type":"cond-expr","locations":[{"start":{"line":40,"column":29},"end":{"line":40,"column":52}},{"start":{"line":40,"column":55},"end":{"line":40,"column":68}}]}},"s":{"0":8,"1":8,"2":8,"3":8,"4":65,"5":8,"6":8,"7":7,"8":8,"9":8,"10":8,"11":8,"12":8,"13":8,"14":6,"15":8,"16":4,"17":8,"18":8},"f":{"0":65,"1":7,"2":8},"b":{"0":[1,6],"1":[6],"2":[4],"3":[2,2]}}
,"/Users/jody/Downloads/Repositories/circleci-vscode/src/test/utils.ts": {"path":"/Users/jody/Downloads/Repositories/circleci-vscode/src/test/utils.ts","statementMap":{"0":{"start":{"line":1,"column":0},"end":{"line":1,"column":42}},"1":{"start":{"line":3,"column":30},"end":{"line":23,"column":1}},"2":{"start":{"line":12,"column":35},"end":{"line":12,"column":41}},"3":{"start":{"line":12,"column":30},"end":{"line":12,"column":35}},"4":{"start":{"line":13,"column":2},"end":{"line":15,"column":null}},"5":{"start":{"line":14,"column":4},"end":{"line":14,"column":48}},"6":{"start":{"line":17,"column":2},"end":{"line":22,"column":null}},"7":{"start":{"line":18,"column":4},"end":{"line":21,"column":7}},"8":{"start":{"line":3,"column":13},"end":{"line":3,"column":30}},"9":{"start":{"line":25,"column":34},"end":{"line":41,"column":1}},"10":{"start":{"line":26,"column":45},"end":{"line":26,"column":49}},"11":{"start":{"line":28,"column":2},"end":{"line":28,"column":24}},"12":{"start":{"line":29,"column":2},"end":{"line":33,"column":5}},"13":{"start":{"line":35,"column":2},"end":{"line":35,"column":25}},"14":{"start":{"line":36,"column":2},"end":{"line":40,"column":5}},"15":{"start":{"line":25,"column":13},"end":{"line":25,"column":34}},"16":{"start":{"line":43,"column":37},"end":{"line":45,"column":1}},"17":{"start":{"line":44,"column":2},"end":{"line":44,"column":69}},"18":{"start":{"line":44,"column":15},"end":{"line":44,"column":36}},"19":{"start":{"line":43,"column":13},"end":{"line":43,"column":37}}},"fnMap":{"0":{"name":"(anonymous_1)","decl":{"start":{"line":3,"column":30},"end":{"line":3,"column":null}},"loc":{"start":{"line":11,"column":10},"end":{"line":23,"column":1}}},"1":{"name":"(anonymous_2)","decl":{"start":{"line":25,"column":34},"end":{"line":25,"column":35}},"loc":{"start":{"line":25,"column":55},"end":{"line":41,"column":1}}},"2":{"name":"(anonymous_3)","decl":{"start":{"line":43,"column":37},"end":{"line":43,"column":38}},"loc":{"start":{"line":43,"column":58},"end":{"line":45,"column":1}}},"3":{"name":"(anonymous_4)","decl":{"start":{"line":44,"column":9},"end":{"line":44,"column":12}},"loc":{"start":{"line":44,"column":15},"end":{"line":44,"column":36}}}},"branchMap":{"0":{"loc":{"start":{"line":17,"column":2},"end":{"line":22,"column":null}},"type":"if","locations":[{"start":{"line":17,"column":2},"end":{"line":22,"column":null}}]}},"s":{"0":6,"1":6,"2":39,"3":39,"4":39,"5":49,"6":39,"7":21,"8":6,"9":6,"10":3,"11":3,"12":3,"13":3,"14":3,"15":6,"16":6,"17":3,"18":3,"19":6},"f":{"0":39,"1":3,"2":3,"3":3},"b":{"0":[21]}}
,"/Users/jody/Downloads/Repositories/circleci-vscode/src/test/vscode-mock.ts": {"path":"/Users/jody/Downloads/Repositories/circleci-vscode/src/test/vscode-mock.ts","statementMap":{"0":{"start":{"line":1,"column":13},"end":{"line":3,"column":2}},"1":{"start":{"line":2,"column":34},"end":{"line":2,"column":38}},"2":{"start":{"line":5,"column":28},"end":{"line":5,"column":37}},"3":{"start":{"line":5,"column":13},"end":{"line":5,"column":28}},"4":{"start":{"line":7,"column":24},"end":{"line":7,"column":33}},"5":{"start":{"line":7,"column":13},"end":{"line":7,"column":24}},"6":{"start":{"line":9,"column":0},"end":{"line":9,"column":38}}},"fnMap":{"0":{"name":"(anonymous_0)","decl":{"start":{"line":2,"column":8},"end":{"line":2,"column":9}},"loc":{"start":{"line":2,"column":34},"end":{"line":2,"column":38}}},"1":{"name":"(anonymous_1)","decl":{"start":{"line":9,"column":0},"end":{"line":9,"column":12}},"loc":{"start":{"line":9,"column":36},"end":{"line":9,"column":39}}}},"branchMap":{"0":{"loc":{"start":{"line":9,"column":12},"end":{"line":9,"column":38}},"type":"binary-expr","locations":[{"start":{"line":9,"column":12},"end":{"line":9,"column":36}},{"start":{"line":9,"column":12},"end":{"line":9,"column":38}}]}},"s":{"0":8,"1":130,"2":8,"3":8,"4":8,"5":8,"6":8},"f":{"0":130,"1":8},"b":{"0":[8,8]}}
,"/Users/jody/Downloads/Repositories/circleci-vscode/src/tree-items/artifact.ts": {"path":"/Users/jody/Downloads/Repositories/circleci-vscode/src/tree-items/artifact.ts","statementMap":{"0":{"start":{"line":1,"column":0},"end":{"line":1,"column":30}},"1":{"start":{"line":3,"column":53},"end":{"line":7,"column":2}},"2":{"start":{"line":9,"column":24},"end":{"line":16,"column":1}},"3":{"start":{"line":10,"column":14},"end":{"line":10,"column":35}},"4":{"start":{"line":11,"column":2},"end":{"line":15,"column":4}},"5":{"start":{"line":13,"column":6},"end":{"line":13,"column":39}},"6":{"start":{"line":20,"column":4},"end":{"line":20,"column":68}},"7":{"start":{"line":18,"column":0},"end":{"line":18,"column":13}}},"fnMap":{"0":{"name":"(anonymous_0)","decl":{"start":{"line":9,"column":24},"end":{"line":9,"column":25}},"loc":{"start":{"line":9,"column":49},"end":{"line":16,"column":1}}},"1":{"name":"(anonymous_1)","decl":{"start":{"line":12,"column":37},"end":{"line":12,"column":38}},"loc":{"start":{"line":13,"column":6},"end":{"line":13,"column":39}}},"2":{"name":"(anonymous_2)","decl":{"start":{"line":19,"column":2},"end":{"line":19,"column":14}},"loc":{"start":{"line":19,"column":30},"end":{"line":21,"column":3}}}},"branchMap":{"0":{"loc":{"start":{"line":12,"column":4},"end":{"line":14,"column":23}},"type":"binary-expr","locations":[{"start":{"line":12,"column":4},"end":{"line":13,"column":null}},{"start":{"line":14,"column":9},"end":{"line":14,"column":23}}]}},"s":{"0":2,"1":2,"2":2,"3":8,"4":8,"5":18,"6":8,"7":2},"f":{"0":8,"1":18,"2":8},"b":{"0":[8,2]}}
,"/Users/jody/Downloads/Repositories/circleci-vscode/src/tree-items/artifacts.ts": {"path":"/Users/jody/Downloads/Repositories/circleci-vscode/src/tree-items/artifacts.ts","statementMap":{"0":{"start":{"line":1,"column":0},"end":{"line":1,"column":41}},"1":{"start":{"line":2,"column":0},"end":{"line":2,"column":30}},"2":{"start":{"line":6,"column":4},"end":{"line":6,"column":61}},"3":{"start":{"line":10,"column":4},"end":{"line":10,"column":48}},"4":{"start":{"line":4,"column":0},"end":{"line":4,"column":13}}},"fnMap":{"0":{"name":"(anonymous_0)","decl":{"start":{"line":5,"column":2},"end":{"line":5,"column":null}},"loc":{"start":{"line":5,"column":2},"end":{"line":7,"column":3}}},"1":{"name":"(anonymous_1)","decl":{"start":{"line":9,"column":2},"end":{"line":9,"column":12}},"loc":{"start":{"line":9,"column":26},"end":{"line":11,"column":3}}}},"branchMap":{},"s":{"0":2,"1":2,"2":3,"3":1,"4":2},"f":{"0":3,"1":1},"b":{}}
,"/Users/jody/Downloads/Repositories/circleci-vscode/src/tree-items/base.ts": {"path":"/Users/jody/Downloads/Repositories/circleci-vscode/src/tree-items/base.ts","statementMap":{"0":{"start":{"line":1,"column":0},"end":{"line":1,"column":72}},"1":{"start":{"line":2,"column":0},"end":{"line":2,"column":40}},"2":{"start":{"line":24,"column":4},"end":{"line":24,"column":35}},"3":{"start":{"line":26,"column":4},"end":{"line":31,"column":7}},"4":{"start":{"line":27,"column":6},"end":{"line":27,"column":31}},"5":{"start":{"line":28,"column":6},"end":{"line":28,"column":31}},"6":{"start":{"line":29,"column":6},"end":{"line":29,"column":31}},"7":{"start":{"line":30,"column":6},"end":{"line":30,"column":27}},"8":{"start":{"line":35,"column":4},"end":{"line":37,"column":null}},"9":{"start":{"line":36,"column":6},"end":{"line":36,"column":27}},"10":{"start":{"line":39,"column":4},"end":{"line":43,"column":25}},"11":{"start":{"line":45,"column":4},"end":{"line":49,"column":31}},"12":{"start":{"line":51,"column":4},"end":{"line":53,"column":null}},"13":{"start":{"line":52,"column":6},"end":{"line":52,"column":46}},"14":{"start":{"line":57,"column":4},"end":{"line":59,"column":null}},"15":{"start":{"line":58,"column":6},"end":{"line":58,"column":40}},"16":{"start":{"line":61,"column":4},"end":{"line":61,"column":48}},"17":{"start":{"line":61,"column":23},"end":{"line":61,"column":45}},"18":{"start":{"line":65,"column":4},"end":{"line":65,"column":50}},"19":{"start":{"line":65,"column":23},"end":{"line":65,"column":47}},"20":{"start":{"line":69,"column":4},"end":{"line":69,"column":50}},"21":{"start":{"line":69,"column":23},"end":{"line":69,"column":47}},"22":{"start":{"line":73,"column":4},"end":{"line":73,"column":62}},"23":{"start":{"line":73,"column":23},"end":{"line":73,"column":59}},"24":{"start":{"line":81,"column":4},"end":{"line":81,"column":14}},"25":{"start":{"line":4,"column":0},"end":{"line":4,"column":22}},"26":{"start":{"line":11,"column":9},"end":{"line":11,"column":71}}},"fnMap":{"0":{"name":"(anonymous_0)","decl":{"start":{"line":13,"column":2},"end":{"line":13,"column":14}},"loc":{"start":{"line":23,"column":3},"end":{"line":32,"column":3}}},"1":{"name":"(anonymous_1)","decl":{"start":{"line":26,"column":16},"end":{"line":26,"column":19}},"loc":{"start":{"line":26,"column":21},"end":{"line":31,"column":5}}},"2":{"name":"(anonymous_2)","decl":{"start":{"line":34,"column":12},"end":{"line":34,"column":18}},"loc":{"start":{"line":34,"column":41},"end":{"line":54,"column":3}}},"3":{"name":"(anonymous_3)","decl":{"start":{"line":56,"column":2},"end":{"line":56,"column":12}},"loc":{"start":{"line":56,"column":29},"end":{"line":62,"column":3}}},"4":{"name":"(anonymous_4)","decl":{"start":{"line":61,"column":16},"end":{"line":61,"column":19}},"loc":{"start":{"line":61,"column":23},"end":{"line":61,"column":45}}},"5":{"name":"(anonymous_5)","decl":{"start":{"line":64,"column":2},"end":{"line":64,"column":13}},"loc":{"start":{"line":64,"column":30},"end":{"line":66,"column":3}}},"6":{"name":"(anonymous_6)","decl":{"start":{"line":65,"column":16},"end":{"line":65,"column":19}},"loc":{"start":{"line":65,"column":23},"end":{"line":65,"column":47}}},"7":{"name":"(anonymous_7)","decl":{"start":{"line":68,"column":2},"end":{"line":68,"column":10}},"loc":{"start":{"line":68,"column":24},"end":{"line":70,"column":3}}},"8":{"name":"(anonymous_8)","decl":{"start":{"line":69,"column":16},"end":{"line":69,"column":19}},"loc":{"start":{"line":69,"column":23},"end":{"line":69,"column":47}}},"9":{"name":"(anonymous_9)","decl":{"start":{"line":72,"column":2},"end":{"line":72,"column":16}},"loc":{"start":{"line":72,"column":37},"end":{"line":74,"column":3}}},"10":{"name":"(anonymous_10)","decl":{"start":{"line":73,"column":16},"end":{"line":73,"column":19}},"loc":{"start":{"line":73,"column":23},"end":{"line":73,"column":59}}},"11":{"name":"(anonymous_11)","decl":{"start":{"line":76,"column":2},"end":{"line":76,"column":9}},"loc":{"start":{"line":76,"column":9},"end":{"line":78,"column":3}}},"12":{"name":"(anonymous_12)","decl":{"start":{"line":80,"column":2},"end":{"line":80,"column":6}},"loc":{"start":{"line":80,"column":14},"end":{"line":82,"column":3}}}},"branchMap":{"0":{"loc":{"start":{"line":15,"column":4},"end":{"line":15,"column":20}},"type":"default-arg","locations":[{"start":{"line":15,"column":15},"end":{"line":15,"column":20}}]},"1":{"loc":{"start":{"line":17,"column":4},"end":{"line":17,"column":52}},"type":"default-arg","locations":[{"start":{"line":17,"column":23},"end":{"line":17,"column":52}}]},"2":{"loc":{"start":{"line":35,"column":4},"end":{"line":37,"column":null}},"type":"if","locations":[{"start":{"line":35,"column":4},"end":{"line":37,"column":null}}]},"3":{"loc":{"start":{"line":39,"column":17},"end":{"line":43,"column":24}},"type":"cond-expr","locations":[{"start":{"line":40,"column":8},"end":{"line":42,"column":26}},{"start":{"line":43,"column":8},"end":{"line":43,"column":24}}]},"4":{"loc":{"start":{"line":40,"column":8},"end":{"line":42,"column":26}},"type":"cond-expr","locations":[{"start":{"line":41,"column":10},"end":{"line":41,"column":22}},{"start":{"line":42,"column":10},"end":{"line":42,"column":26}}]},"5":{"loc":{"start":{"line":45,"column":23},"end":{"line":49,"column":30}},"type":"cond-expr","locations":[{"start":{"line":46,"column":8},"end":{"line":48,"column":32}},{"start":{"line":49,"column":8},"end":{"line":49,"column":30}}]},"6":{"loc":{"start":{"line":46,"column":8},"end":{"line":48,"column":32}},"type":"cond-expr","locations":[{"start":{"line":47,"column":10},"end":{"line":47,"column":19}},{"start":{"line":48,"column":10},"end":{"line":48,"column":32}}]},"7":{"loc":{"start":{"line":51,"column":4},"end":{"line":53,"column":null}},"type":"if","locations":[{"start":{"line":51,"column":4},"end":{"line":53,"column":null}}]},"8":{"loc":{"start":{"line":57,"column":4},"end":{"line":59,"column":null}},"type":"if","locations":[{"start":{"line":57,"column":4},"end":{"line":59,"column":null}}]}},"s":{"0":7,"1":7,"2":22,"3":22,"4":22,"5":22,"6":22,"7":22,"8":70,"9":70,"10":70,"11":70,"12":70,"13":64,"14":7,"15":3,"16":4,"17":4,"18":12,"19":12,"20":3,"21":3,"22":27,"23":27,"24":3,"25":7,"26":7},"f":{"0":22,"1":22,"2":70,"3":7,"4":4,"5":12,"6":12,"7":3,"8":3,"9":27,"10":27,"11":0,"12":3},"b":{"0":[13],"1":[22],"2":[70],"3":[56,14],"4":[3,53],"5":[56,14],"6":[3,53],"7":[64],"8":[3]}}
,"/Users/jody/Downloads/Repositories/circleci-vscode/src/tree-items/job.ts": {"path":"/Users/jody/Downloads/Repositories/circleci-vscode/src/tree-items/job.ts","statementMap":{"0":{"start":{"line":1,"column":0},"end":{"line":1,"column":46}},"1":{"start":{"line":2,"column":0},"end":{"line":2,"column":30}},"2":{"start":{"line":4,"column":13},"end":{"line":19,"column":2}},"3":{"start":{"line":25,"column":4},"end":{"line":25,"column":37}},"4":{"start":{"line":27,"column":4},"end":{"line":27,"column":42}},"5":{"start":{"line":31,"column":4},"end":{"line":35,"column":7}},"6":{"start":{"line":32,"column":6},"end":{"line":32,"column":29}},"7":{"start":{"line":33,"column":6},"end":{"line":34,"column":68}},"8":{"start":{"line":39,"column":4},"end":{"line":39,"column":25}},"9":{"start":{"line":40,"column":4},"end":{"line":40,"column":32}},"10":{"start":{"line":41,"column":4},"end":{"line":41,"column":65}},"11":{"start":{"line":21,"column":0},"end":{"line":21,"column":13}}},"fnMap":{"0":{"name":"(anonymous_0)","decl":{"start":{"line":24,"column":2},"end":{"line":24,"column":14}},"loc":{"start":{"line":24,"column":27},"end":{"line":28,"column":3}}},"1":{"name":"(anonymous_1)","decl":{"start":{"line":30,"column":2},"end":{"line":30,"column":12}},"loc":{"start":{"line":30,"column":29},"end":{"line":36,"column":3}}},"2":{"name":"(anonymous_2)","decl":{"start":{"line":31,"column":17},"end":{"line":31,"column":20}},"loc":{"start":{"line":31,"column":22},"end":{"line":35,"column":5}}},"3":{"name":"(anonymous_3)","decl":{"start":{"line":38,"column":2},"end":{"line":38,"column":11}},"loc":{"start":{"line":38,"column":34},"end":{"line":42,"column":3}}}},"branchMap":{"0":{"loc":{"start":{"line":34,"column":20},"end":{"line":34,"column":66}},"type":"cond-expr","locations":[{"start":{"line":34,"column":30},"end":{"line":34,"column":39}},{"start":{"line":34,"column":42},"end":{"line":34,"column":66}}]},"1":{"loc":{"start":{"line":34,"column":42},"end":{"line":34,"column":66}},"type":"cond-expr","locations":[{"start":{"line":34,"column":53},"end":{"line":34,"column":57}},{"start":{"line":34,"column":57},"end":{"line":34,"column":66}}]},"2":{"loc":{"start":{"line":34,"column":42},"end":{"line":34,"column":57}},"type":"binary-expr","locations":[{"start":{"line":34,"column":42},"end":{"line":34,"column":57}},{"start":{"line":34,"column":53},"end":{"line":34,"column":57}}]},"3":{"loc":{"start":{"line":41,"column":21},"end":{"line":41,"column":63}},"type":"cond-expr","locations":[{"start":{"line":41,"column":40},"end":{"line":41,"column":44}},{"start":{"line":41,"column":44},"end":{"line":41,"column":63}}]},"4":{"loc":{"start":{"line":41,"column":21},"end":{"line":41,"column":44}},"type":"binary-expr","locations":[{"start":{"line":41,"column":21},"end":{"line":41,"column":44}},{"start":{"line":41,"column":40},"end":{"line":41,"column":44}}]}},"s":{"0":2,"1":2,"2":2,"3":3,"4":3,"5":2,"6":2,"7":2,"8":12,"9":12,"10":12,"11":2},"f":{"0":3,"1":2,"2":2,"3":12},"b":{"0":[1,1],"1":[1,0],"2":[1,1],"3":[12,0],"4":[12,12]}}
,"/Users/jody/Downloads/Repositories/circleci-vscode/src/tree-items/pipeline.ts": {"path":"/Users/jody/Downloads/Repositories/circleci-vscode/src/tree-items/pipeline.ts","statementMap":{"0":{"start":{"line":1,"column":0},"end":{"line":1,"column":41}},"1":{"start":{"line":2,"column":0},"end":{"line":2,"column":30}},"2":{"start":{"line":10,"column":4},"end":{"line":10,"column":59}},"3":{"start":{"line":12,"column":4},"end":{"line":12,"column":29}},"4":{"start":{"line":15,"column":4},"end":{"line":15,"column":69}},"5":{"start":{"line":19,"column":4},"end":{"line":19,"column":79}},"6":{"start":{"line":4,"column":0},"end":{"line":4,"column":13}},"7":{"start":{"line":7,"column":9},"end":{"line":7,"column":30}}},"fnMap":{"0":{"name":"(anonymous_0)","decl":{"start":{"line":9,"column":2},"end":{"line":9,"column":14}},"loc":{"start":{"line":9,"column":27},"end":{"line":16,"column":3}}},"1":{"name":"(anonymous_1)","decl":{"start":{"line":18,"column":2},"end":{"line":18,"column":11}},"loc":{"start":{"line":18,"column":27},"end":{"line":20,"column":3}}}},"branchMap":{"0":{"loc":{"start":{"line":19,"column":21},"end":{"line":19,"column":56}},"type":"cond-expr","locations":[{"start":{"line":19,"column":30},"end":{"line":19,"column":51}},{"start":{"line":19,"column":54},"end":{"line":19,"column":56}}]}},"s":{"0":2,"1":2,"2":3,"3":3,"4":3,"5":2,"6":2,"7":2},"f":{"0":3,"1":2},"b":{"0":[1,1]}}
,"/Users/jody/Downloads/Repositories/circleci-vscode/src/tree-items/timer.ts": {"path":"/Users/jody/Downloads/Repositories/circleci-vscode/src/tree-items/timer.ts","statementMap":{"0":{"start":{"line":1,"column":0},"end":{"line":1,"column":40}},"1":{"start":{"line":2,"column":0},"end":{"line":2,"column":30}},"2":{"start":{"line":6,"column":4},"end":{"line":6,"column":64}},"3":{"start":{"line":4,"column":0},"end":{"line":4,"column":13}}},"fnMap":{"0":{"name":"(anonymous_0)","decl":{"start":{"line":5,"column":2},"end":{"line":5,"column":14}},"loc":{"start":{"line":5,"column":30},"end":{"line":7,"column":3}}}},"branchMap":{},"s":{"0":2,"1":2,"2":2,"3":2},"f":{"0":2},"b":{}}
,"/Users/jody/Downloads/Repositories/circleci-vscode/src/tree-items/workflow.ts": {"path":"/Users/jody/Downloads/Repositories/circleci-vscode/src/tree-items/workflow.ts","statementMap":{"0":{"start":{"line":1,"column":0},"end":{"line":1,"column":46}},"1":{"start":{"line":2,"column":0},"end":{"line":2,"column":30}},"2":{"start":{"line":6,"column":4},"end":{"line":6,"column":59}},"3":{"start":{"line":8,"column":4},"end":{"line":8,"column":47}},"4":{"start":{"line":12,"column":4},"end":{"line":12,"column":32}},"5":{"start":{"line":4,"column":0},"end":{"line":4,"column":13}}},"fnMap":{"0":{"name":"(anonymous_0)","decl":{"start":{"line":5,"column":2},"end":{"line":5,"column":14}},"loc":{"start":{"line":5,"column":27},"end":{"line":9,"column":3}}},"1":{"name":"(anonymous_1)","decl":{"start":{"line":11,"column":2},"end":{"line":11,"column":11}},"loc":{"start":{"line":11,"column":34},"end":{"line":13,"column":3}}}},"branchMap":{},"s":{"0":2,"1":2,"2":3,"3":3,"4":9,"5":2},"f":{"0":3,"1":9},"b":{}}
}
