TN:
SF:src/lib/extension.ts
FN:6,(anonymous_0)
FN:10,(anonymous_1)
FNF:2
FNH:2
FNDA:10,(anonymous_0)
FNDA:131,(anonymous_1)
DA:3,9
DA:7,10
DA:11,131
DA:15,9
LF:4
LH:4
BRF:0
BRH:0
end_of_record
TN:
SF:src/lib/pipeline-tree-data-provider.ts
FN:16,(anonymous_0)
FN:24,(anonymous_1)
FN:28,(anonymous_2)
FN:32,(anonymous_3)
FNF:4
FNH:1
FNDA:1,(anonymous_0)
FNDA:0,(anonymous_1)
FNDA:0,(anonymous_2)
FNDA:0,(anonymous_3)
DA:1,1
DA:9,1
DA:10,1
DA:11,1
DA:12,1
DA:13,1
DA:14,1
DA:16,1
DA:19,1
DA:21,1
DA:29,0
DA:33,0
DA:34,0
DA:47,0
LF:14
LH:10
BRDA:33,0,0,0
BRF:1
BRH:0
end_of_record
TN:
SF:src/lib/types.ts
FN:1,(anonymous_0)
FNF:1
FNH:1
FNDA:3,(anonymous_0)
DA:1,3
DA:2,3
DA:3,3
DA:4,3
DA:5,3
DA:6,3
DA:7,3
DA:8,3
DA:9,3
DA:10,3
LF:10
LH:10
BRDA:1,0,0,3
BRDA:1,0,1,3
BRF:2
BRH:2
end_of_record
TN:
SF:src/lib/utils.ts
FN:5,(anonymous_0)
FN:26,(anonymous_1)
FN:29,(anonymous_2)
FNF:3
FNH:3
FNDA:65,(anonymous_0)
FNDA:7,(anonymous_1)
FNDA:8,(anonymous_2)
DA:1,8
DA:2,8
DA:3,8
DA:5,65
DA:26,8
DA:27,7
DA:29,8
DA:30,8
DA:31,8
DA:33,8
DA:35,8
DA:36,6
DA:39,8
DA:40,4
DA:43,8
LF:15
LH:15
BRDA:27,0,0,1
BRDA:27,0,1,6
BRDA:35,1,0,6
BRDA:39,2,0,4
BRDA:40,3,0,2
BRDA:40,3,1,2
BRF:6
BRH:6
end_of_record
TN:
SF:src/test/utils.ts
FN:3,(anonymous_1)
FN:25,(anonymous_2)
FN:43,(anonymous_3)
FN:44,(anonymous_4)
FNF:4
FNH:4
FNDA:39,(anonymous_1)
FNDA:3,(anonymous_2)
FNDA:3,(anonymous_3)
FNDA:3,(anonymous_4)
DA:1,6
DA:3,6
DA:12,39
DA:13,39
DA:14,49
DA:17,39
DA:18,21
DA:25,6
DA:26,3
DA:28,3
DA:29,3
DA:35,3
DA:36,3
DA:43,6
DA:44,3
LF:15
LH:15
BRDA:17,0,0,21
BRF:1
BRH:1
end_of_record
TN:
SF:src/test/vscode-mock.ts
FN:2,(anonymous_0)
FN:9,(anonymous_1)
FNF:2
FNH:2
FNDA:130,(anonymous_0)
FNDA:8,(anonymous_1)
DA:1,8
DA:2,130
DA:5,8
DA:7,8
DA:9,8
LF:5
LH:5
BRDA:9,0,0,8
BRDA:9,0,1,8
BRF:2
BRH:2
end_of_record
TN:
SF:src/tree-items/artifact.ts
FN:9,(anonymous_0)
FN:12,(anonymous_1)
FN:19,(anonymous_2)
FNF:3
FNH:3
FNDA:8,(anonymous_0)
FNDA:18,(anonymous_1)
FNDA:8,(anonymous_2)
DA:1,2
DA:3,2
DA:9,2
DA:10,8
DA:11,8
DA:13,18
DA:18,2
DA:20,8
LF:8
LH:8
BRDA:12,0,0,8
BRDA:12,0,1,2
BRF:2
BRH:2
end_of_record
TN:
SF:src/tree-items/artifacts.ts
FN:5,(anonymous_0)
FN:9,(anonymous_1)
FNF:2
FNH:2
FNDA:3,(anonymous_0)
FNDA:1,(anonymous_1)
DA:1,2
DA:2,2
DA:4,2
DA:6,3
DA:10,1
LF:5
LH:5
BRF:0
BRH:0
end_of_record
TN:
SF:src/tree-items/base.ts
FN:13,(anonymous_0)
FN:26,(anonymous_1)
FN:34,(anonymous_2)
FN:56,(anonymous_3)
FN:61,(anonymous_4)
FN:64,(anonymous_5)
FN:65,(anonymous_6)
FN:68,(anonymous_7)
FN:69,(anonymous_8)
FN:72,(anonymous_9)
FN:73,(anonymous_10)
FN:76,(anonymous_11)
FN:80,(anonymous_12)
FNF:13
FNH:12
FNDA:22,(anonymous_0)
FNDA:22,(anonymous_1)
FNDA:70,(anonymous_2)
FNDA:7,(anonymous_3)
FNDA:4,(anonymous_4)
FNDA:12,(anonymous_5)
FNDA:12,(anonymous_6)
FNDA:3,(anonymous_7)
FNDA:3,(anonymous_8)
FNDA:27,(anonymous_9)
FNDA:27,(anonymous_10)
FNDA:0,(anonymous_11)
FNDA:3,(anonymous_12)
DA:1,7
DA:2,7
DA:4,7
DA:11,7
DA:24,22
DA:26,22
DA:27,22
DA:28,22
DA:29,22
DA:30,22
DA:35,70
DA:36,70
DA:39,70
DA:45,70
DA:51,70
DA:52,64
DA:57,7
DA:58,3
DA:61,4
DA:65,12
DA:69,3
DA:73,27
DA:81,3
LF:23
LH:23
BRDA:15,0,0,13
BRDA:17,1,0,22
BRDA:35,2,0,70
BRDA:39,3,0,56
BRDA:39,3,1,14
BRDA:40,4,0,3
BRDA:40,4,1,53
BRDA:45,5,0,56
BRDA:45,5,1,14
BRDA:46,6,0,3
BRDA:46,6,1,53
BRDA:51,7,0,64
BRDA:57,8,0,3
BRF:13
BRH:13
end_of_record
TN:
SF:src/tree-items/job.ts
FN:24,(anonymous_0)
FN:30,(anonymous_1)
FN:31,(anonymous_2)
FN:38,(anonymous_3)
FNF:4
FNH:4
FNDA:3,(anonymous_0)
FNDA:2,(anonymous_1)
FNDA:2,(anonymous_2)
FNDA:12,(anonymous_3)
DA:1,2
DA:2,2
DA:4,2
DA:21,2
DA:25,3
DA:27,3
DA:31,2
DA:32,2
DA:33,2
DA:39,12
DA:40,12
DA:41,12
LF:12
LH:12
BRDA:34,0,0,1
BRDA:34,0,1,1
BRDA:34,1,0,1
BRDA:34,1,1,0
BRDA:34,2,0,1
BRDA:34,2,1,1
BRDA:41,3,0,12
BRDA:41,3,1,0
BRDA:41,4,0,12
BRDA:41,4,1,12
BRF:10
BRH:8
end_of_record
TN:
SF:src/tree-items/pipeline.ts
FN:9,(anonymous_0)
FN:18,(anonymous_1)
FNF:2
FNH:2
FNDA:3,(anonymous_0)
FNDA:2,(anonymous_1)
DA:1,2
DA:2,2
DA:4,2
DA:7,2
DA:10,3
DA:12,3
DA:15,3
DA:19,2
LF:8
LH:8
BRDA:19,0,0,1
BRDA:19,0,1,1
BRF:2
BRH:2
end_of_record
TN:
SF:src/tree-items/timer.ts
FN:5,(anonymous_0)
FNF:1
FNH:1
FNDA:2,(anonymous_0)
DA:1,2
DA:2,2
DA:4,2
DA:6,2
LF:4
LH:4
BRF:0
BRH:0
end_of_record
TN:
SF:src/tree-items/workflow.ts
FN:5,(anonymous_0)
FN:11,(anonymous_1)
FNF:2
FNH:2
FNDA:3,(anonymous_0)
FNDA:9,(anonymous_1)
DA:1,2
DA:2,2
DA:4,2
DA:6,3
DA:8,3
DA:12,9
LF:6
LH:6
BRF:0
BRH:0
end_of_record
